2017-10-05 14:59:17 INFO  TicketServiceTest 43 - Testing numSeatsAvailabletest
2017-10-05 14:59:17 INFO  TicketServiceTest 52 - Testing utilSequentialSeatsStartAndLength
2017-10-05 14:59:17 INFO  TicketServiceTest 70 - Testing reserveSeatsTest
2017-10-05 14:59:17 INFO  TicketServiceTest 30 - Testing findAndHoldSeats
2017-10-05 14:59:17 INFO  TicketServiceTest 38 - SeatHold [holdId=0, seats=11 13 20 21 22 23 , customerEmail=MrEmail@Email.Email, secondEstablished=644280712432530]
2017-10-05 14:59:17 INFO  TicketServiceTest 39 - 1
2017-10-05 15:37:33 INFO  TicketServiceTest 43 - Testing numSeatsAvailabletest
2017-10-05 15:37:33 INFO  TicketServiceImpl 33 - Available Seats: 12
2017-10-05 15:37:33 INFO  TicketServiceTest 52 - Testing utilSequentialSeatsStartAndLength
2017-10-05 15:37:33 INFO  TicketServiceTest 70 - Testing reserveSeatsTest
2017-10-05 15:37:33 INFO  TicketServiceTest 30 - Testing findAndHoldSeats
2017-10-05 15:37:33 INFO  TicketServiceImpl 33 - Available Seats: 12
2017-10-05 15:37:33 INFO  TicketServiceImpl 44 - Attempting to reserve: 5 For customer using the email: MrEmail@Email.Email
2017-10-05 15:37:33 INFO  TicketServiceImpl 33 - Available Seats: 12
2017-10-05 15:37:33 INFO  TicketServiceImpl 33 - Available Seats: 7
2017-10-05 15:37:33 INFO  TicketServiceImpl 44 - Attempting to reserve: 6 For customer using the email: MrEmail@Email.Email
2017-10-05 15:37:33 INFO  TicketServiceImpl 33 - Available Seats: 7
2017-10-05 15:37:33 INFO  TicketServiceImpl 33 - Available Seats: 1
2017-10-05 15:37:33 INFO  TicketServiceTest 38 - SeatHold [holdId=0, seats=11 13 20 21 22 23 , customerEmail=MrEmail@Email.Email, secondEstablished=646576387128460]
2017-10-05 15:37:33 INFO  TicketServiceImpl 33 - Available Seats: 1
2017-10-05 15:37:33 INFO  TicketServiceTest 39 - 1
2017-10-05 15:40:33 INFO  TicketServiceTest 43 - Testing numSeatsAvailabletest
2017-10-05 15:40:33 INFO  TicketServiceImpl 33 - Available Seats: 12
2017-10-05 15:40:33 INFO  TicketServiceTest 52 - Testing utilSequentialSeatsStartAndLength
2017-10-05 15:40:33 INFO  TicketServiceTest 70 - Testing reserveSeatsTest
2017-10-05 15:40:33 INFO  TicketServiceTest 30 - Testing findAndHoldSeats
2017-10-05 15:40:33 INFO  TicketServiceImpl 33 - Available Seats: 12
2017-10-05 15:40:33 INFO  TicketServiceImpl 44 - Attempting to reserve: 5 For customer using the email: MrEmail@Email.Email
2017-10-05 15:40:33 INFO  TicketServiceImpl 33 - Available Seats: 12
2017-10-05 15:40:33 INFO  TicketServiceImpl 33 - Available Seats: 7
2017-10-05 15:40:33 INFO  TicketServiceImpl 44 - Attempting to reserve: 6 For customer using the email: MrEmail@Email.Email
2017-10-05 15:40:33 INFO  TicketServiceImpl 33 - Available Seats: 7
2017-10-05 15:40:33 INFO  TicketServiceImpl 33 - Available Seats: 1
2017-10-05 15:40:33 INFO  TicketServiceTest 38 - SeatHold [holdId=0, seats=11 13 20 21 22 23 , customerEmail=MrEmail@Email.Email, secondEstablished=646756151057582]
2017-10-05 15:40:33 INFO  TicketServiceImpl 33 - Available Seats: 1
2017-10-05 15:40:33 INFO  TicketServiceTest 39 - 1
